{
  "RSpec": {
    "coverage": {
      "/Users/carolrieping/turing/mod_1/projects/night_writer/lib/nightreader.rb": {
        "lines": [
          1,
          null,
          1,
          2,
          null,
          null,
          null,
          null,
          null,
          null,
          null,
          null,
          null,
          null,
          null,
          null,
          null,
          null,
          null,
          null,
          null,
          null,
          null,
          null,
          null,
          null,
          null,
          null,
          null,
          null,
          null,
          null,
          null,
          2,
          2,
          null,
          null,
          2,
          6,
          null,
          null,
          null,
          2,
          null,
          null,
          null,
          2,
          4,
          null,
          null,
          null,
          null,
          null,
          null,
          null,
          null,
          null,
          null,
          null,
          null,
          null,
          null
        ]
      }
    },
    "timestamp": 1673995204
  }
}
